<?xml version="1.0" encoding="UTF-8"?>
<!-- Generated by org.testng.reporters.JUnitReportReporter -->
<testsuite hostname="DESKTOP-RLKE5K8" failures="0" tests="3" name="com.sgtesting.users.Users" time="0.013" errors="0" timestamp="2022-11-08T10:20:22 IST" skipped="0">
  <testcase classname="com.sgtesting.users.Users" name="deleteUser" time="0.002"/>
  <system-out/>
  <testcase classname="com.sgtesting.users.Users" name="modifyUser" time="0.002"/>
  <system-out/>
  <testcase classname="com.sgtesting.users.Users" name="createUser" time="0.009"/>
  <system-out/>
</testsuite> <!-- com.sgtesting.users.Users -->
